2023-02-15 13:11:38,968:INFO:PyCaret Supervised Module
2023-02-15 13:11:38,968:INFO:ML Usecase: classification
2023-02-15 13:11:38,969:INFO:version 2.3.10
2023-02-15 13:11:38,969:INFO:Initializing setup()
2023-02-15 13:11:38,969:INFO:setup(target=0       1
1       1
2       1
3       1
4       1
       ..
1304    3
1305    3
1306    3
1307    3
1308    3
Name: pclass, Length: 1309, dtype: int64, ml_usecase=classification, available_plots={'parameter': 'Hyperparameters', 'auc': 'AUC', 'confusion_matrix': 'Confusion Matrix', 'threshold': 'Threshold', 'pr': 'Precision Recall', 'error': 'Prediction Error', 'class_report': 'Class Report', 'rfe': 'Feature Selection', 'learning': 'Learning Curve', 'manifold': 'Manifold Learning', 'calibration': 'Calibration Curve', 'vc': 'Validation Curve', 'dimension': 'Dimensions', 'feature': 'Feature Importance', 'feature_all': 'Feature Importance (All)', 'boundary': 'Decision Boundary', 'lift': 'Lift Chart', 'gain': 'Gain Chart', 'tree': 'Decision Tree', 'ks': 'KS Statistic Plot'}, train_size=0.7, test_data=None, preprocess=True, imputation_type=simple, iterative_imputation_iters=5, categorical_features=None, categorical_imputation=constant, categorical_iterative_imputer=lightgbm, ordinal_features=None, high_cardinality_features=None, high_cardinality_method=frequency, numeric_features=None, numeric_imputation=mean, numeric_iterative_imputer=lightgbm, date_features=None, ignore_features=None, normalize=False, normalize_method=zscore, transformation=False, transformation_method=yeo-johnson, handle_unknown_categorical=True, unknown_categorical_method=least_frequent, pca=False, pca_method=linear, pca_components=None, ignore_low_variance=False, combine_rare_levels=False, rare_level_threshold=0.1, bin_numeric_features=None, remove_outliers=False, outliers_threshold=0.05, remove_multicollinearity=False, multicollinearity_threshold=0.9, remove_perfect_collinearity=True, create_clusters=False, cluster_iter=20, polynomial_features=False, polynomial_degree=2, trigonometry_features=False, polynomial_threshold=0.1, group_features=None, group_names=None, feature_selection=False, feature_selection_threshold=0.8, feature_selection_method=classic, feature_interaction=False, feature_ratio=False, interaction_threshold=0.01, fix_imbalance=False, fix_imbalance_method=None, transform_target=False, transform_target_method=box-cox, data_split_shuffle=True, data_split_stratify=False, fold_strategy=stratifiedkfold, fold=10, fold_shuffle=False, fold_groups=None, n_jobs=-1, use_gpu=False, custom_pipeline=None, html=True, session_id=None, log_experiment=False, experiment_name=None, experiment_custom_tags=None, log_plots=False, log_profile=False, log_data=False, silent=True, verbose=True, profile=False, profile_kwargs=None, display=None)
2023-02-15 13:11:38,969:INFO:Checking environment
2023-02-15 13:11:38,969:INFO:python_version: 3.8.0
2023-02-15 13:11:38,969:INFO:python_build: ('tags/v3.8.0:fa919fd', 'Oct 14 2019 19:37:50')
2023-02-15 13:11:38,969:INFO:machine: AMD64
2023-02-15 13:11:38,969:INFO:platform: Windows-10-10.0.25290-SP0
2023-02-15 13:11:38,970:INFO:Memory: svmem(total=8423395328, available=254353408, percent=97.0, used=8169041920, free=254353408)
2023-02-15 13:11:38,970:INFO:Physical Core: 4
2023-02-15 13:11:38,970:INFO:Logical Core: 8
2023-02-15 13:11:38,970:INFO:Checking libraries
2023-02-15 13:11:38,970:INFO:pd==1.5.1
2023-02-15 13:11:38,970:INFO:numpy==1.20.3
2023-02-15 13:11:38,970:INFO:sklearn==0.23.2
2023-02-15 13:11:38,970:INFO:lightgbm==3.3.3
2023-02-15 13:11:38,971:WARNING:catboost not found
2023-02-15 13:11:38,973:WARNING:xgboost not found
2023-02-15 13:11:38,974:INFO:mlflow==1.30.0
2023-02-15 13:11:38,974:INFO:Checking Exceptions
2023-02-15 13:12:15,216:INFO:PyCaret Supervised Module
2023-02-15 13:12:15,216:INFO:ML Usecase: classification
2023-02-15 13:12:15,216:INFO:version 2.3.10
2023-02-15 13:12:15,217:INFO:Initializing setup()
2023-02-15 13:12:15,217:INFO:setup(target=pclass, ml_usecase=classification, available_plots={'parameter': 'Hyperparameters', 'auc': 'AUC', 'confusion_matrix': 'Confusion Matrix', 'threshold': 'Threshold', 'pr': 'Precision Recall', 'error': 'Prediction Error', 'class_report': 'Class Report', 'rfe': 'Feature Selection', 'learning': 'Learning Curve', 'manifold': 'Manifold Learning', 'calibration': 'Calibration Curve', 'vc': 'Validation Curve', 'dimension': 'Dimensions', 'feature': 'Feature Importance', 'feature_all': 'Feature Importance (All)', 'boundary': 'Decision Boundary', 'lift': 'Lift Chart', 'gain': 'Gain Chart', 'tree': 'Decision Tree', 'ks': 'KS Statistic Plot'}, train_size=0.7, test_data=None, preprocess=True, imputation_type=simple, iterative_imputation_iters=5, categorical_features=None, categorical_imputation=constant, categorical_iterative_imputer=lightgbm, ordinal_features=None, high_cardinality_features=None, high_cardinality_method=frequency, numeric_features=None, numeric_imputation=mean, numeric_iterative_imputer=lightgbm, date_features=None, ignore_features=None, normalize=False, normalize_method=zscore, transformation=False, transformation_method=yeo-johnson, handle_unknown_categorical=True, unknown_categorical_method=least_frequent, pca=False, pca_method=linear, pca_components=None, ignore_low_variance=False, combine_rare_levels=False, rare_level_threshold=0.1, bin_numeric_features=None, remove_outliers=False, outliers_threshold=0.05, remove_multicollinearity=False, multicollinearity_threshold=0.9, remove_perfect_collinearity=True, create_clusters=False, cluster_iter=20, polynomial_features=False, polynomial_degree=2, trigonometry_features=False, polynomial_threshold=0.1, group_features=None, group_names=None, feature_selection=False, feature_selection_threshold=0.8, feature_selection_method=classic, feature_interaction=False, feature_ratio=False, interaction_threshold=0.01, fix_imbalance=False, fix_imbalance_method=None, transform_target=False, transform_target_method=box-cox, data_split_shuffle=True, data_split_stratify=False, fold_strategy=stratifiedkfold, fold=10, fold_shuffle=False, fold_groups=None, n_jobs=-1, use_gpu=False, custom_pipeline=None, html=True, session_id=None, log_experiment=False, experiment_name=None, experiment_custom_tags=None, log_plots=False, log_profile=False, log_data=False, silent=True, verbose=True, profile=False, profile_kwargs=None, display=None)
2023-02-15 13:12:15,217:INFO:Checking environment
2023-02-15 13:12:15,217:INFO:python_version: 3.8.0
2023-02-15 13:12:15,217:INFO:python_build: ('tags/v3.8.0:fa919fd', 'Oct 14 2019 19:37:50')
2023-02-15 13:12:15,217:INFO:machine: AMD64
2023-02-15 13:12:15,218:INFO:platform: Windows-10-10.0.25290-SP0
2023-02-15 13:12:15,218:INFO:Memory: svmem(total=8423395328, available=207781888, percent=97.5, used=8215613440, free=207781888)
2023-02-15 13:12:15,218:INFO:Physical Core: 4
2023-02-15 13:12:15,218:INFO:Logical Core: 8
2023-02-15 13:12:15,218:INFO:Checking libraries
2023-02-15 13:12:15,218:INFO:pd==1.5.1
2023-02-15 13:12:15,218:INFO:numpy==1.20.3
2023-02-15 13:12:15,218:INFO:sklearn==0.23.2
2023-02-15 13:12:15,218:INFO:lightgbm==3.3.3
2023-02-15 13:12:15,221:WARNING:catboost not found
2023-02-15 13:12:15,225:WARNING:xgboost not found
2023-02-15 13:12:15,225:INFO:mlflow==1.30.0
2023-02-15 13:12:15,226:INFO:Checking Exceptions
2023-02-15 13:12:15,227:INFO:Declaring global variables
2023-02-15 13:12:15,227:INFO:USI: 37e2
2023-02-15 13:12:15,227:INFO:pycaret_globals: {'data_before_preprocess', 'USI', 'seed', 'X', 'y', 'prep_pipe', 'X_test', 'fold_generator', 'transform_target_method_param', 'imputation_regressor', 'fold_groups_param', 'n_jobs_param', 'log_plots_param', 'fold_groups_param_full', 'create_model_container', 'transform_target_param', 'experiment__', 'y_train', 'stratify_param', 'y_test', 'fold_shuffle_param', '_ml_usecase', 'fold_param', 'pycaret_globals', 'logging_param', '_available_plots', '_gpu_n_jobs_param', 'fix_imbalance_param', 'dashboard_logger', 'X_train', 'display_container', 'fix_imbalance_method_param', 'gpu_param', 'imputation_classifier', 'master_model_container', 'html_param', 'exp_name_log', '_all_metrics', '_all_models', '_internal_pipeline', 'iterative_imputation_iters_param', '_all_models_internal', 'target_param'}
2023-02-15 13:12:15,227:INFO:Preparing display monitor
2023-02-15 13:12:15,228:INFO:Preparing display monitor
2023-02-15 13:12:15,308:INFO:Importing libraries
2023-02-15 13:12:15,309:INFO:Copying data for preprocessing
2023-02-15 13:12:15,334:INFO:Declaring preprocessing parameters
2023-02-15 13:12:15,349:INFO:Creating preprocessing pipeline
2023-02-15 13:12:15,363:INFO:Preprocessing pipeline created successfully
2023-02-15 13:12:15,364:ERROR:(Process Exit): setup has been interupted with user command 'quit'. setup must rerun.
2023-02-15 13:12:15,364:INFO:Creating global containers
2023-02-15 13:12:15,366:INFO:Internal pipeline: Pipeline(memory=None, steps=[('empty_step', 'passthrough')], verbose=False)
2023-02-15 13:12:22,380:WARNING:Couldn't import xgboost.XGBClassifier
2023-02-15 13:12:22,384:WARNING:Couldn't import catboost.CatBoostClassifier
2023-02-15 13:12:22,507:WARNING:Couldn't import xgboost.XGBClassifier
2023-02-15 13:12:22,508:WARNING:Couldn't import catboost.CatBoostClassifier
2023-02-15 13:12:22,509:INFO:Creating grid variables
2023-02-15 13:12:22,558:INFO:create_model_container: 0
2023-02-15 13:12:22,559:INFO:master_model_container: 0
2023-02-15 13:12:22,559:INFO:display_container: 1
2023-02-15 13:12:22,580:INFO:Pipeline(memory=None,
         steps=[('dtypes',
                 DataTypes_Auto_infer(categorical_features=[],
                                      display_types=False, features_todrop=[],
                                      id_columns=[],
                                      ml_usecase='classification',
                                      numerical_features=[], target='pclass',
                                      time_features=[])),
                ('imputer',
                 Simple_Imputer(categorical_strategy='not_available',
                                fill_value_categorical=None,
                                fill_value_numerical=None,
                                numeric_stra...
                ('scaling', 'passthrough'), ('P_transform', 'passthrough'),
                ('binn', 'passthrough'), ('rem_outliers', 'passthrough'),
                ('cluster_all', 'passthrough'),
                ('dummy', Dummify(target='pclass')),
                ('fix_perfect', Remove_100(target='pclass')),
                ('clean_names', Clean_Colum_Names()),
                ('feature_select', 'passthrough'), ('fix_multi', 'passthrough'),
                ('dfs', 'passthrough'), ('pca', 'passthrough')],
         verbose=False)
2023-02-15 13:12:22,582:INFO:setup() succesfully completed......................................
2023-02-15 13:13:44,482:INFO:Initializing compare_models()
2023-02-15 13:13:44,483:INFO:compare_models(include=None, fold=None, round=4, cross_validation=True, sort=Accuracy, n_select=1, budget_time=None, turbo=True, errors=ignore, fit_kwargs=None, groups=None, experiment_custom_tags=None, probability_threshold=None, verbose=True, display=None, exclude=None)
2023-02-15 13:13:44,484:INFO:Checking exceptions
2023-02-15 13:13:44,489:INFO:Preparing display monitor
2023-02-15 13:13:44,492:INFO:Preparing display monitor
2023-02-15 13:13:44,598:INFO:Initializing Logistic Regression
2023-02-15 13:13:44,599:INFO:Total runtime is 1.6748905181884766e-05 minutes
2023-02-15 13:13:44,640:INFO:SubProcess create_model() called ==================================
2023-02-15 13:13:44,643:INFO:Initializing create_model()
2023-02-15 13:13:44,644:INFO:create_model(estimator=lr, fold=StratifiedKFold(n_splits=10, random_state=None, shuffle=False), round=4, cross_validation=True, predict=True, fit_kwargs={}, groups=None, refit=False, verbose=False, system=False, metrics=None, experiment_custom_tags=None, add_to_model_list=True, probability_threshold=None, display=<pycaret.internal.Display.Display object at 0x0000023A3B54C970>, return_train_score=False, kwargs={})
2023-02-15 13:13:44,645:INFO:Checking exceptions
2023-02-15 13:13:44,646:INFO:Importing libraries
2023-02-15 13:13:44,646:INFO:Copying training dataset
2023-02-15 13:13:44,663:INFO:Defining folds
2023-02-15 13:13:44,664:INFO:Declaring metric variables
2023-02-15 13:13:44,696:INFO:Importing untrained model
2023-02-15 13:13:44,747:INFO:Logistic Regression Imported succesfully
2023-02-15 13:13:44,807:INFO:Starting cross validation
2023-02-15 13:13:44,808:INFO:Cross validating with StratifiedKFold(n_splits=10, random_state=None, shuffle=False), n_jobs=-1
2023-02-15 13:14:38,216:INFO:Calculating mean and std
2023-02-15 13:14:38,220:INFO:Creating metrics dataframe
2023-02-15 13:14:38,232:INFO:Uploading results into container
2023-02-15 13:14:38,232:INFO:Uploading model into container now
2023-02-15 13:14:38,232:INFO:create_model_container: 1
2023-02-15 13:14:38,233:INFO:master_model_container: 1
2023-02-15 13:14:38,233:INFO:display_container: 2
2023-02-15 13:14:38,234:INFO:LogisticRegression(C=1.0, class_weight=None, dual=False, fit_intercept=True,
                   intercept_scaling=1, l1_ratio=None, max_iter=1000,
                   multi_class='auto', n_jobs=None, penalty='l2',
                   random_state=6554, solver='lbfgs', tol=0.0001, verbose=0,
                   warm_start=False)
2023-02-15 13:14:38,234:INFO:create_model() succesfully completed......................................
2023-02-15 13:14:38,387:INFO:SubProcess create_model() end ==================================
2023-02-15 13:14:38,387:INFO:Creating metrics dataframe
2023-02-15 13:14:38,400:INFO:Initializing K Neighbors Classifier
2023-02-15 13:14:38,400:INFO:Total runtime is 0.8967257221539815 minutes
2023-02-15 13:14:38,411:INFO:SubProcess create_model() called ==================================
2023-02-15 13:14:38,411:INFO:Initializing create_model()
2023-02-15 13:14:38,412:INFO:create_model(estimator=knn, fold=StratifiedKFold(n_splits=10, random_state=None, shuffle=False), round=4, cross_validation=True, predict=True, fit_kwargs={}, groups=None, refit=False, verbose=False, system=False, metrics=None, experiment_custom_tags=None, add_to_model_list=True, probability_threshold=None, display=<pycaret.internal.Display.Display object at 0x0000023A3B54C970>, return_train_score=False, kwargs={})
2023-02-15 13:14:38,412:INFO:Checking exceptions
2023-02-15 13:14:38,412:INFO:Importing libraries
2023-02-15 13:14:38,412:INFO:Copying training dataset
2023-02-15 13:14:38,418:INFO:Defining folds
2023-02-15 13:14:38,418:INFO:Declaring metric variables
2023-02-15 13:14:38,426:INFO:Importing untrained model
2023-02-15 13:14:38,434:INFO:K Neighbors Classifier Imported succesfully
2023-02-15 13:14:38,465:INFO:Starting cross validation
2023-02-15 13:14:38,466:INFO:Cross validating with StratifiedKFold(n_splits=10, random_state=None, shuffle=False), n_jobs=-1
2023-02-15 13:14:39,196:INFO:Calculating mean and std
2023-02-15 13:14:39,199:INFO:Creating metrics dataframe
2023-02-15 13:14:39,214:INFO:Uploading results into container
2023-02-15 13:14:39,214:INFO:Uploading model into container now
2023-02-15 13:14:39,215:INFO:create_model_container: 2
2023-02-15 13:14:39,215:INFO:master_model_container: 2
2023-02-15 13:14:39,215:INFO:display_container: 2
2023-02-15 13:14:39,216:INFO:KNeighborsClassifier(algorithm='auto', leaf_size=30, metric='minkowski',
                     metric_params=None, n_jobs=-1, n_neighbors=5, p=2,
                     weights='uniform')
2023-02-15 13:14:39,216:INFO:create_model() succesfully completed......................................
2023-02-15 13:14:39,362:INFO:SubProcess create_model() end ==================================
2023-02-15 13:14:39,362:INFO:Creating metrics dataframe
2023-02-15 13:14:39,378:INFO:Initializing Naive Bayes
2023-02-15 13:14:39,378:INFO:Total runtime is 0.9130139390627543 minutes
2023-02-15 13:14:39,387:INFO:SubProcess create_model() called ==================================
2023-02-15 13:14:39,387:INFO:Initializing create_model()
2023-02-15 13:14:39,387:INFO:create_model(estimator=nb, fold=StratifiedKFold(n_splits=10, random_state=None, shuffle=False), round=4, cross_validation=True, predict=True, fit_kwargs={}, groups=None, refit=False, verbose=False, system=False, metrics=None, experiment_custom_tags=None, add_to_model_list=True, probability_threshold=None, display=<pycaret.internal.Display.Display object at 0x0000023A3B54C970>, return_train_score=False, kwargs={})
2023-02-15 13:14:39,388:INFO:Checking exceptions
2023-02-15 13:14:39,388:INFO:Importing libraries
2023-02-15 13:14:39,388:INFO:Copying training dataset
2023-02-15 13:14:39,396:INFO:Defining folds
2023-02-15 13:14:39,396:INFO:Declaring metric variables
2023-02-15 13:14:39,408:INFO:Importing untrained model
2023-02-15 13:14:39,416:INFO:Naive Bayes Imported succesfully
2023-02-15 13:14:39,438:INFO:Starting cross validation
2023-02-15 13:14:39,440:INFO:Cross validating with StratifiedKFold(n_splits=10, random_state=None, shuffle=False), n_jobs=-1
2023-02-15 13:14:39,819:INFO:Calculating mean and std
2023-02-15 13:14:39,822:INFO:Creating metrics dataframe
2023-02-15 13:14:39,837:INFO:Uploading results into container
2023-02-15 13:14:39,837:INFO:Uploading model into container now
2023-02-15 13:14:39,838:INFO:create_model_container: 3
2023-02-15 13:14:39,838:INFO:master_model_container: 3
2023-02-15 13:14:39,838:INFO:display_container: 2
2023-02-15 13:14:39,838:INFO:GaussianNB(priors=None, var_smoothing=1e-09)
2023-02-15 13:14:39,839:INFO:create_model() succesfully completed......................................
2023-02-15 13:14:40,009:INFO:SubProcess create_model() end ==================================
2023-02-15 13:14:40,009:INFO:Creating metrics dataframe
2023-02-15 13:14:40,023:INFO:Initializing Decision Tree Classifier
2023-02-15 13:14:40,023:INFO:Total runtime is 0.9237635493278503 minutes
2023-02-15 13:14:40,032:INFO:SubProcess create_model() called ==================================
2023-02-15 13:14:40,033:INFO:Initializing create_model()
2023-02-15 13:14:40,033:INFO:create_model(estimator=dt, fold=StratifiedKFold(n_splits=10, random_state=None, shuffle=False), round=4, cross_validation=True, predict=True, fit_kwargs={}, groups=None, refit=False, verbose=False, system=False, metrics=None, experiment_custom_tags=None, add_to_model_list=True, probability_threshold=None, display=<pycaret.internal.Display.Display object at 0x0000023A3B54C970>, return_train_score=False, kwargs={})
2023-02-15 13:14:40,033:INFO:Checking exceptions
2023-02-15 13:14:40,033:INFO:Importing libraries
2023-02-15 13:14:40,033:INFO:Copying training dataset
2023-02-15 13:14:40,040:INFO:Defining folds
2023-02-15 13:14:40,040:INFO:Declaring metric variables
2023-02-15 13:14:40,050:INFO:Importing untrained model
2023-02-15 13:14:40,060:INFO:Decision Tree Classifier Imported succesfully
2023-02-15 13:14:40,078:INFO:Starting cross validation
2023-02-15 13:14:40,078:INFO:Cross validating with StratifiedKFold(n_splits=10, random_state=None, shuffle=False), n_jobs=-1
2023-02-15 13:14:40,477:INFO:Calculating mean and std
2023-02-15 13:14:40,478:INFO:Creating metrics dataframe
2023-02-15 13:14:40,482:INFO:Uploading results into container
2023-02-15 13:14:40,482:INFO:Uploading model into container now
2023-02-15 13:14:40,482:INFO:create_model_container: 4
2023-02-15 13:14:40,482:INFO:master_model_container: 4
2023-02-15 13:14:40,482:INFO:display_container: 2
2023-02-15 13:14:40,483:INFO:DecisionTreeClassifier(ccp_alpha=0.0, class_weight=None, criterion='gini',
                       max_depth=None, max_features=None, max_leaf_nodes=None,
                       min_impurity_decrease=0.0, min_impurity_split=None,
                       min_samples_leaf=1, min_samples_split=2,
                       min_weight_fraction_leaf=0.0, presort='deprecated',
                       random_state=6554, splitter='best')
2023-02-15 13:14:40,483:INFO:create_model() succesfully completed......................................
2023-02-15 13:14:40,627:INFO:SubProcess create_model() end ==================================
2023-02-15 13:14:40,627:INFO:Creating metrics dataframe
2023-02-15 13:14:40,642:INFO:Initializing SVM - Linear Kernel
2023-02-15 13:14:40,642:INFO:Total runtime is 0.9340921481450398 minutes
2023-02-15 13:14:40,651:INFO:SubProcess create_model() called ==================================
2023-02-15 13:14:40,653:INFO:Initializing create_model()
2023-02-15 13:14:40,653:INFO:create_model(estimator=svm, fold=StratifiedKFold(n_splits=10, random_state=None, shuffle=False), round=4, cross_validation=True, predict=True, fit_kwargs={}, groups=None, refit=False, verbose=False, system=False, metrics=None, experiment_custom_tags=None, add_to_model_list=True, probability_threshold=None, display=<pycaret.internal.Display.Display object at 0x0000023A3B54C970>, return_train_score=False, kwargs={})
2023-02-15 13:14:40,653:INFO:Checking exceptions
2023-02-15 13:14:40,653:INFO:Importing libraries
2023-02-15 13:14:40,654:INFO:Copying training dataset
2023-02-15 13:14:40,659:INFO:Defining folds
2023-02-15 13:14:40,659:INFO:Declaring metric variables
2023-02-15 13:14:40,667:INFO:Importing untrained model
2023-02-15 13:14:40,676:INFO:SVM - Linear Kernel Imported succesfully
2023-02-15 13:14:40,695:INFO:Starting cross validation
2023-02-15 13:14:40,695:INFO:Cross validating with StratifiedKFold(n_splits=10, random_state=None, shuffle=False), n_jobs=-1
2023-02-15 13:14:42,047:INFO:Calculating mean and std
2023-02-15 13:14:42,052:INFO:Creating metrics dataframe
2023-02-15 13:14:42,066:INFO:Uploading results into container
2023-02-15 13:14:42,067:INFO:Uploading model into container now
2023-02-15 13:14:42,067:INFO:create_model_container: 5
2023-02-15 13:14:42,067:INFO:master_model_container: 5
2023-02-15 13:14:42,067:INFO:display_container: 2
2023-02-15 13:14:42,069:INFO:SGDClassifier(alpha=0.0001, average=False, class_weight=None,
              early_stopping=False, epsilon=0.1, eta0=0.001, fit_intercept=True,
              l1_ratio=0.15, learning_rate='optimal', loss='hinge',
              max_iter=1000, n_iter_no_change=5, n_jobs=-1, penalty='l2',
              power_t=0.5, random_state=6554, shuffle=True, tol=0.001,
              validation_fraction=0.1, verbose=0, warm_start=False)
2023-02-15 13:14:42,069:INFO:create_model() succesfully completed......................................
2023-02-15 13:14:42,207:INFO:SubProcess create_model() end ==================================
2023-02-15 13:14:42,207:INFO:Creating metrics dataframe
2023-02-15 13:14:42,222:INFO:Initializing Ridge Classifier
2023-02-15 13:14:42,222:INFO:Total runtime is 0.960415248076121 minutes
2023-02-15 13:14:42,231:INFO:SubProcess create_model() called ==================================
2023-02-15 13:14:42,232:INFO:Initializing create_model()
2023-02-15 13:14:42,232:INFO:create_model(estimator=ridge, fold=StratifiedKFold(n_splits=10, random_state=None, shuffle=False), round=4, cross_validation=True, predict=True, fit_kwargs={}, groups=None, refit=False, verbose=False, system=False, metrics=None, experiment_custom_tags=None, add_to_model_list=True, probability_threshold=None, display=<pycaret.internal.Display.Display object at 0x0000023A3B54C970>, return_train_score=False, kwargs={})
2023-02-15 13:14:42,232:INFO:Checking exceptions
2023-02-15 13:14:42,232:INFO:Importing libraries
2023-02-15 13:14:42,233:INFO:Copying training dataset
2023-02-15 13:14:42,238:INFO:Defining folds
2023-02-15 13:14:42,238:INFO:Declaring metric variables
2023-02-15 13:14:42,247:INFO:Importing untrained model
2023-02-15 13:14:42,256:INFO:Ridge Classifier Imported succesfully
2023-02-15 13:14:42,271:INFO:Starting cross validation
2023-02-15 13:14:42,273:INFO:Cross validating with StratifiedKFold(n_splits=10, random_state=None, shuffle=False), n_jobs=-1
2023-02-15 13:14:42,704:INFO:Calculating mean and std
2023-02-15 13:14:42,708:INFO:Creating metrics dataframe
2023-02-15 13:14:42,723:INFO:Uploading results into container
2023-02-15 13:14:42,723:INFO:Uploading model into container now
2023-02-15 13:14:42,724:INFO:create_model_container: 6
2023-02-15 13:14:42,724:INFO:master_model_container: 6
2023-02-15 13:14:42,725:INFO:display_container: 2
2023-02-15 13:14:42,726:INFO:RidgeClassifier(alpha=1.0, class_weight=None, copy_X=True, fit_intercept=True,
                max_iter=None, normalize=False, random_state=6554,
                solver='auto', tol=0.001)
2023-02-15 13:14:42,726:INFO:create_model() succesfully completed......................................
2023-02-15 13:14:42,888:INFO:SubProcess create_model() end ==================================
2023-02-15 13:14:42,888:INFO:Creating metrics dataframe
2023-02-15 13:14:42,902:INFO:Initializing Random Forest Classifier
2023-02-15 13:14:42,903:INFO:Total runtime is 0.9717693249384562 minutes
2023-02-15 13:14:42,918:INFO:SubProcess create_model() called ==================================
2023-02-15 13:14:42,919:INFO:Initializing create_model()
2023-02-15 13:14:42,920:INFO:create_model(estimator=rf, fold=StratifiedKFold(n_splits=10, random_state=None, shuffle=False), round=4, cross_validation=True, predict=True, fit_kwargs={}, groups=None, refit=False, verbose=False, system=False, metrics=None, experiment_custom_tags=None, add_to_model_list=True, probability_threshold=None, display=<pycaret.internal.Display.Display object at 0x0000023A3B54C970>, return_train_score=False, kwargs={})
2023-02-15 13:14:42,920:INFO:Checking exceptions
2023-02-15 13:14:42,920:INFO:Importing libraries
2023-02-15 13:14:42,920:INFO:Copying training dataset
2023-02-15 13:14:42,930:INFO:Defining folds
2023-02-15 13:14:42,930:INFO:Declaring metric variables
2023-02-15 13:14:42,972:INFO:Importing untrained model
2023-02-15 13:14:42,991:INFO:Random Forest Classifier Imported succesfully
2023-02-15 13:14:43,018:INFO:Starting cross validation
2023-02-15 13:14:43,019:INFO:Cross validating with StratifiedKFold(n_splits=10, random_state=None, shuffle=False), n_jobs=-1
2023-02-15 13:14:44,997:INFO:Calculating mean and std
2023-02-15 13:14:45,000:INFO:Creating metrics dataframe
2023-02-15 13:14:45,020:INFO:Uploading results into container
2023-02-15 13:14:45,020:INFO:Uploading model into container now
2023-02-15 13:14:45,020:INFO:create_model_container: 7
2023-02-15 13:14:45,022:INFO:master_model_container: 7
2023-02-15 13:14:45,022:INFO:display_container: 2
2023-02-15 13:14:45,023:INFO:RandomForestClassifier(bootstrap=True, ccp_alpha=0.0, class_weight=None,
                       criterion='gini', max_depth=None, max_features='auto',
                       max_leaf_nodes=None, max_samples=None,
                       min_impurity_decrease=0.0, min_impurity_split=None,
                       min_samples_leaf=1, min_samples_split=2,
                       min_weight_fraction_leaf=0.0, n_estimators=100,
                       n_jobs=-1, oob_score=False, random_state=6554, verbose=0,
                       warm_start=False)
2023-02-15 13:14:45,024:INFO:create_model() succesfully completed......................................
2023-02-15 13:14:45,170:INFO:SubProcess create_model() end ==================================
2023-02-15 13:14:45,170:INFO:Creating metrics dataframe
2023-02-15 13:14:45,185:INFO:Initializing Quadratic Discriminant Analysis
2023-02-15 13:14:45,185:INFO:Total runtime is 1.009803040822347 minutes
2023-02-15 13:14:45,196:INFO:SubProcess create_model() called ==================================
2023-02-15 13:14:45,196:INFO:Initializing create_model()
2023-02-15 13:14:45,196:INFO:create_model(estimator=qda, fold=StratifiedKFold(n_splits=10, random_state=None, shuffle=False), round=4, cross_validation=True, predict=True, fit_kwargs={}, groups=None, refit=False, verbose=False, system=False, metrics=None, experiment_custom_tags=None, add_to_model_list=True, probability_threshold=None, display=<pycaret.internal.Display.Display object at 0x0000023A3B54C970>, return_train_score=False, kwargs={})
2023-02-15 13:14:45,197:INFO:Checking exceptions
2023-02-15 13:14:45,197:INFO:Importing libraries
2023-02-15 13:14:45,197:INFO:Copying training dataset
2023-02-15 13:14:45,204:INFO:Defining folds
2023-02-15 13:14:45,205:INFO:Declaring metric variables
2023-02-15 13:14:45,213:INFO:Importing untrained model
2023-02-15 13:14:45,221:INFO:Quadratic Discriminant Analysis Imported succesfully
2023-02-15 13:14:45,238:INFO:Starting cross validation
2023-02-15 13:14:45,239:INFO:Cross validating with StratifiedKFold(n_splits=10, random_state=None, shuffle=False), n_jobs=-1
2023-02-15 13:14:47,357:INFO:Calculating mean and std
2023-02-15 13:14:47,361:INFO:Creating metrics dataframe
2023-02-15 13:14:47,387:INFO:Uploading results into container
2023-02-15 13:14:47,387:INFO:Uploading model into container now
2023-02-15 13:14:47,387:INFO:create_model_container: 8
2023-02-15 13:14:47,388:INFO:master_model_container: 8
2023-02-15 13:14:47,388:INFO:display_container: 2
2023-02-15 13:14:47,388:INFO:QuadraticDiscriminantAnalysis(priors=None, reg_param=0.0,
                              store_covariance=False, tol=0.0001)
2023-02-15 13:14:47,389:INFO:create_model() succesfully completed......................................
2023-02-15 13:14:47,859:INFO:SubProcess create_model() end ==================================
2023-02-15 13:14:47,859:INFO:Creating metrics dataframe
2023-02-15 13:14:47,895:INFO:Initializing Ada Boost Classifier
2023-02-15 13:14:47,895:INFO:Total runtime is 1.054969024658203 minutes
2023-02-15 13:14:47,905:INFO:SubProcess create_model() called ==================================
2023-02-15 13:14:47,906:INFO:Initializing create_model()
2023-02-15 13:14:47,906:INFO:create_model(estimator=ada, fold=StratifiedKFold(n_splits=10, random_state=None, shuffle=False), round=4, cross_validation=True, predict=True, fit_kwargs={}, groups=None, refit=False, verbose=False, system=False, metrics=None, experiment_custom_tags=None, add_to_model_list=True, probability_threshold=None, display=<pycaret.internal.Display.Display object at 0x0000023A3B54C970>, return_train_score=False, kwargs={})
2023-02-15 13:14:47,906:INFO:Checking exceptions
2023-02-15 13:14:47,906:INFO:Importing libraries
2023-02-15 13:14:47,906:INFO:Copying training dataset
2023-02-15 13:14:47,918:INFO:Defining folds
2023-02-15 13:14:47,919:INFO:Declaring metric variables
2023-02-15 13:14:47,942:INFO:Importing untrained model
2023-02-15 13:14:47,971:INFO:Ada Boost Classifier Imported succesfully
2023-02-15 13:14:48,006:INFO:Starting cross validation
2023-02-15 13:14:48,007:INFO:Cross validating with StratifiedKFold(n_splits=10, random_state=None, shuffle=False), n_jobs=-1
2023-02-15 13:14:50,389:INFO:Calculating mean and std
2023-02-15 13:14:50,391:INFO:Creating metrics dataframe
2023-02-15 13:14:50,422:INFO:Uploading results into container
2023-02-15 13:14:50,422:INFO:Uploading model into container now
2023-02-15 13:14:50,422:INFO:create_model_container: 9
2023-02-15 13:14:50,422:INFO:master_model_container: 9
2023-02-15 13:14:50,423:INFO:display_container: 2
2023-02-15 13:14:50,424:INFO:AdaBoostClassifier(algorithm='SAMME.R', base_estimator=None, learning_rate=1.0,
                   n_estimators=50, random_state=6554)
2023-02-15 13:14:50,424:INFO:create_model() succesfully completed......................................
2023-02-15 13:14:50,668:INFO:SubProcess create_model() end ==================================
2023-02-15 13:14:50,669:INFO:Creating metrics dataframe
2023-02-15 13:14:50,697:INFO:Initializing Gradient Boosting Classifier
2023-02-15 13:14:50,697:INFO:Total runtime is 1.1016783277193705 minutes
2023-02-15 13:14:50,707:INFO:SubProcess create_model() called ==================================
2023-02-15 13:14:50,708:INFO:Initializing create_model()
2023-02-15 13:14:50,708:INFO:create_model(estimator=gbc, fold=StratifiedKFold(n_splits=10, random_state=None, shuffle=False), round=4, cross_validation=True, predict=True, fit_kwargs={}, groups=None, refit=False, verbose=False, system=False, metrics=None, experiment_custom_tags=None, add_to_model_list=True, probability_threshold=None, display=<pycaret.internal.Display.Display object at 0x0000023A3B54C970>, return_train_score=False, kwargs={})
2023-02-15 13:14:50,708:INFO:Checking exceptions
2023-02-15 13:14:50,708:INFO:Importing libraries
2023-02-15 13:14:50,708:INFO:Copying training dataset
2023-02-15 13:14:50,719:INFO:Defining folds
2023-02-15 13:14:50,719:INFO:Declaring metric variables
2023-02-15 13:14:50,740:INFO:Importing untrained model
2023-02-15 13:14:50,765:INFO:Gradient Boosting Classifier Imported succesfully
2023-02-15 13:14:50,792:INFO:Starting cross validation
2023-02-15 13:14:50,794:INFO:Cross validating with StratifiedKFold(n_splits=10, random_state=None, shuffle=False), n_jobs=-1
2023-02-15 13:15:07,208:INFO:Calculating mean and std
2023-02-15 13:15:07,213:INFO:Creating metrics dataframe
2023-02-15 13:15:07,235:INFO:Uploading results into container
2023-02-15 13:15:07,236:INFO:Uploading model into container now
2023-02-15 13:15:07,237:INFO:create_model_container: 10
2023-02-15 13:15:07,237:INFO:master_model_container: 10
2023-02-15 13:15:07,237:INFO:display_container: 2
2023-02-15 13:15:07,238:INFO:GradientBoostingClassifier(ccp_alpha=0.0, criterion='friedman_mse', init=None,
                           learning_rate=0.1, loss='deviance', max_depth=3,
                           max_features=None, max_leaf_nodes=None,
                           min_impurity_decrease=0.0, min_impurity_split=None,
                           min_samples_leaf=1, min_samples_split=2,
                           min_weight_fraction_leaf=0.0, n_estimators=100,
                           n_iter_no_change=None, presort='deprecated',
                           random_state=6554, subsample=1.0, tol=0.0001,
                           validation_fraction=0.1, verbose=0,
                           warm_start=False)
2023-02-15 13:15:07,239:INFO:create_model() succesfully completed......................................
2023-02-15 13:15:07,439:INFO:SubProcess create_model() end ==================================
2023-02-15 13:15:07,439:INFO:Creating metrics dataframe
2023-02-15 13:15:07,456:INFO:Initializing Linear Discriminant Analysis
2023-02-15 13:15:07,457:INFO:Total runtime is 1.3810055136680601 minutes
2023-02-15 13:15:07,480:INFO:SubProcess create_model() called ==================================
2023-02-15 13:15:07,480:INFO:Initializing create_model()
2023-02-15 13:15:07,480:INFO:create_model(estimator=lda, fold=StratifiedKFold(n_splits=10, random_state=None, shuffle=False), round=4, cross_validation=True, predict=True, fit_kwargs={}, groups=None, refit=False, verbose=False, system=False, metrics=None, experiment_custom_tags=None, add_to_model_list=True, probability_threshold=None, display=<pycaret.internal.Display.Display object at 0x0000023A3B54C970>, return_train_score=False, kwargs={})
2023-02-15 13:15:07,480:INFO:Checking exceptions
2023-02-15 13:15:07,481:INFO:Importing libraries
2023-02-15 13:15:07,481:INFO:Copying training dataset
2023-02-15 13:15:07,489:INFO:Defining folds
2023-02-15 13:15:07,489:INFO:Declaring metric variables
2023-02-15 13:15:07,505:INFO:Importing untrained model
2023-02-15 13:15:07,517:INFO:Linear Discriminant Analysis Imported succesfully
2023-02-15 13:15:07,541:INFO:Starting cross validation
2023-02-15 13:15:07,543:INFO:Cross validating with StratifiedKFold(n_splits=10, random_state=None, shuffle=False), n_jobs=-1
2023-02-15 13:15:16,214:INFO:Calculating mean and std
2023-02-15 13:15:16,219:INFO:Creating metrics dataframe
2023-02-15 13:15:16,235:INFO:Uploading results into container
2023-02-15 13:15:16,236:INFO:Uploading model into container now
2023-02-15 13:15:16,236:INFO:create_model_container: 11
2023-02-15 13:15:16,236:INFO:master_model_container: 11
2023-02-15 13:15:16,236:INFO:display_container: 2
2023-02-15 13:15:16,237:INFO:LinearDiscriminantAnalysis(n_components=None, priors=None, shrinkage=None,
                           solver='svd', store_covariance=False, tol=0.0001)
2023-02-15 13:15:16,237:INFO:create_model() succesfully completed......................................
2023-02-15 13:15:16,469:INFO:SubProcess create_model() end ==================================
2023-02-15 13:15:16,470:INFO:Creating metrics dataframe
2023-02-15 13:15:16,488:INFO:Initializing Extra Trees Classifier
2023-02-15 13:15:16,488:INFO:Total runtime is 1.531521968046824 minutes
2023-02-15 13:15:16,505:INFO:SubProcess create_model() called ==================================
2023-02-15 13:15:16,506:INFO:Initializing create_model()
2023-02-15 13:15:16,506:INFO:create_model(estimator=et, fold=StratifiedKFold(n_splits=10, random_state=None, shuffle=False), round=4, cross_validation=True, predict=True, fit_kwargs={}, groups=None, refit=False, verbose=False, system=False, metrics=None, experiment_custom_tags=None, add_to_model_list=True, probability_threshold=None, display=<pycaret.internal.Display.Display object at 0x0000023A3B54C970>, return_train_score=False, kwargs={})
2023-02-15 13:15:16,506:INFO:Checking exceptions
2023-02-15 13:15:16,506:INFO:Importing libraries
2023-02-15 13:15:16,507:INFO:Copying training dataset
2023-02-15 13:15:16,517:INFO:Defining folds
2023-02-15 13:15:16,517:INFO:Declaring metric variables
2023-02-15 13:15:16,530:INFO:Importing untrained model
2023-02-15 13:15:16,543:INFO:Extra Trees Classifier Imported succesfully
2023-02-15 13:15:16,585:INFO:Starting cross validation
2023-02-15 13:15:16,586:INFO:Cross validating with StratifiedKFold(n_splits=10, random_state=None, shuffle=False), n_jobs=-1
2023-02-15 13:15:19,232:INFO:Calculating mean and std
2023-02-15 13:15:19,233:INFO:Creating metrics dataframe
2023-02-15 13:15:19,238:INFO:Uploading results into container
2023-02-15 13:15:19,238:INFO:Uploading model into container now
2023-02-15 13:15:19,238:INFO:create_model_container: 12
2023-02-15 13:15:19,238:INFO:master_model_container: 12
2023-02-15 13:15:19,238:INFO:display_container: 2
2023-02-15 13:15:19,239:INFO:ExtraTreesClassifier(bootstrap=False, ccp_alpha=0.0, class_weight=None,
                     criterion='gini', max_depth=None, max_features='auto',
                     max_leaf_nodes=None, max_samples=None,
                     min_impurity_decrease=0.0, min_impurity_split=None,
                     min_samples_leaf=1, min_samples_split=2,
                     min_weight_fraction_leaf=0.0, n_estimators=100, n_jobs=-1,
                     oob_score=False, random_state=6554, verbose=0,
                     warm_start=False)
2023-02-15 13:15:19,239:INFO:create_model() succesfully completed......................................
2023-02-15 13:15:19,432:INFO:SubProcess create_model() end ==================================
2023-02-15 13:15:19,432:INFO:Creating metrics dataframe
2023-02-15 13:15:19,450:INFO:Initializing Light Gradient Boosting Machine
2023-02-15 13:15:19,450:INFO:Total runtime is 1.5808814803759255 minutes
2023-02-15 13:15:19,467:INFO:SubProcess create_model() called ==================================
2023-02-15 13:15:19,469:INFO:Initializing create_model()
2023-02-15 13:15:19,469:INFO:create_model(estimator=lightgbm, fold=StratifiedKFold(n_splits=10, random_state=None, shuffle=False), round=4, cross_validation=True, predict=True, fit_kwargs={}, groups=None, refit=False, verbose=False, system=False, metrics=None, experiment_custom_tags=None, add_to_model_list=True, probability_threshold=None, display=<pycaret.internal.Display.Display object at 0x0000023A3B54C970>, return_train_score=False, kwargs={})
2023-02-15 13:15:19,470:INFO:Checking exceptions
2023-02-15 13:15:19,470:INFO:Importing libraries
2023-02-15 13:15:19,470:INFO:Copying training dataset
2023-02-15 13:15:19,487:INFO:Defining folds
2023-02-15 13:15:19,488:INFO:Declaring metric variables
2023-02-15 13:15:19,501:INFO:Importing untrained model
2023-02-15 13:15:19,515:INFO:Light Gradient Boosting Machine Imported succesfully
2023-02-15 13:15:19,548:INFO:Starting cross validation
2023-02-15 13:15:19,550:INFO:Cross validating with StratifiedKFold(n_splits=10, random_state=None, shuffle=False), n_jobs=-1
2023-02-15 13:15:20,625:INFO:Calculating mean and std
2023-02-15 13:15:20,631:INFO:Creating metrics dataframe
2023-02-15 13:15:20,654:INFO:Uploading results into container
2023-02-15 13:15:20,654:INFO:Uploading model into container now
2023-02-15 13:15:20,655:INFO:create_model_container: 13
2023-02-15 13:15:20,655:INFO:master_model_container: 13
2023-02-15 13:15:20,655:INFO:display_container: 2
2023-02-15 13:15:20,656:INFO:LGBMClassifier(boosting_type='gbdt', class_weight=None, colsample_bytree=1.0,
               importance_type='split', learning_rate=0.1, max_depth=-1,
               min_child_samples=20, min_child_weight=0.001, min_split_gain=0.0,
               n_estimators=100, n_jobs=-1, num_leaves=31, objective=None,
               random_state=6554, reg_alpha=0.0, reg_lambda=0.0, silent='warn',
               subsample=1.0, subsample_for_bin=200000, subsample_freq=0)
2023-02-15 13:15:20,656:INFO:create_model() succesfully completed......................................
2023-02-15 13:15:20,865:INFO:SubProcess create_model() end ==================================
2023-02-15 13:15:20,865:INFO:Creating metrics dataframe
2023-02-15 13:15:20,884:INFO:Initializing Dummy Classifier
2023-02-15 13:15:20,884:INFO:Total runtime is 1.6047852754592893 minutes
2023-02-15 13:15:20,894:INFO:SubProcess create_model() called ==================================
2023-02-15 13:15:20,894:INFO:Initializing create_model()
2023-02-15 13:15:20,894:INFO:create_model(estimator=dummy, fold=StratifiedKFold(n_splits=10, random_state=None, shuffle=False), round=4, cross_validation=True, predict=True, fit_kwargs={}, groups=None, refit=False, verbose=False, system=False, metrics=None, experiment_custom_tags=None, add_to_model_list=True, probability_threshold=None, display=<pycaret.internal.Display.Display object at 0x0000023A3B54C970>, return_train_score=False, kwargs={})
2023-02-15 13:15:20,895:INFO:Checking exceptions
2023-02-15 13:15:20,895:INFO:Importing libraries
2023-02-15 13:15:20,895:INFO:Copying training dataset
2023-02-15 13:15:20,901:INFO:Defining folds
2023-02-15 13:15:20,901:INFO:Declaring metric variables
2023-02-15 13:15:20,911:INFO:Importing untrained model
2023-02-15 13:15:20,928:INFO:Dummy Classifier Imported succesfully
2023-02-15 13:15:20,984:INFO:Starting cross validation
2023-02-15 13:15:20,985:INFO:Cross validating with StratifiedKFold(n_splits=10, random_state=None, shuffle=False), n_jobs=-1
2023-02-15 13:15:21,212:INFO:Calculating mean and std
2023-02-15 13:15:21,213:INFO:Creating metrics dataframe
2023-02-15 13:15:21,217:INFO:Uploading results into container
2023-02-15 13:15:21,217:INFO:Uploading model into container now
2023-02-15 13:15:21,218:INFO:create_model_container: 14
2023-02-15 13:15:21,218:INFO:master_model_container: 14
2023-02-15 13:15:21,218:INFO:display_container: 2
2023-02-15 13:15:21,218:INFO:DummyClassifier(constant=None, random_state=6554, strategy='prior')
2023-02-15 13:15:21,218:INFO:create_model() succesfully completed......................................
2023-02-15 13:15:21,417:INFO:SubProcess create_model() end ==================================
2023-02-15 13:15:21,417:INFO:Creating metrics dataframe
2023-02-15 13:15:21,455:INFO:Initializing create_model()
2023-02-15 13:15:21,456:INFO:create_model(estimator=RandomForestClassifier(bootstrap=True, ccp_alpha=0.0, class_weight=None,
                       criterion='gini', max_depth=None, max_features='auto',
                       max_leaf_nodes=None, max_samples=None,
                       min_impurity_decrease=0.0, min_impurity_split=None,
                       min_samples_leaf=1, min_samples_split=2,
                       min_weight_fraction_leaf=0.0, n_estimators=100,
                       n_jobs=-1, oob_score=False, random_state=6554, verbose=0,
                       warm_start=False), fold=StratifiedKFold(n_splits=10, random_state=None, shuffle=False), round=4, cross_validation=False, predict=False, fit_kwargs={}, groups=None, refit=True, verbose=False, system=False, metrics=None, experiment_custom_tags=None, add_to_model_list=True, probability_threshold=None, display=None, return_train_score=False, kwargs={})
2023-02-15 13:15:21,456:INFO:Checking exceptions
2023-02-15 13:15:21,456:INFO:Importing libraries
2023-02-15 13:15:21,456:INFO:Copying training dataset
2023-02-15 13:15:21,468:INFO:Defining folds
2023-02-15 13:15:21,468:INFO:Declaring metric variables
2023-02-15 13:15:21,469:INFO:Importing untrained model
2023-02-15 13:15:21,469:INFO:Declaring custom model
2023-02-15 13:15:21,473:INFO:Random Forest Classifier Imported succesfully
2023-02-15 13:15:21,474:INFO:Cross validation set to False
2023-02-15 13:15:21,475:INFO:Fitting Model
2023-02-15 13:15:21,864:INFO:RandomForestClassifier(bootstrap=True, ccp_alpha=0.0, class_weight=None,
                       criterion='gini', max_depth=None, max_features='auto',
                       max_leaf_nodes=None, max_samples=None,
                       min_impurity_decrease=0.0, min_impurity_split=None,
                       min_samples_leaf=1, min_samples_split=2,
                       min_weight_fraction_leaf=0.0, n_estimators=100,
                       n_jobs=-1, oob_score=False, random_state=6554, verbose=0,
                       warm_start=False)
2023-02-15 13:15:21,864:INFO:create_models() succesfully completed......................................
2023-02-15 13:15:22,097:INFO:create_model_container: 14
2023-02-15 13:15:22,097:INFO:master_model_container: 14
2023-02-15 13:15:22,097:INFO:display_container: 2
2023-02-15 13:15:22,098:INFO:RandomForestClassifier(bootstrap=True, ccp_alpha=0.0, class_weight=None,
                       criterion='gini', max_depth=None, max_features='auto',
                       max_leaf_nodes=None, max_samples=None,
                       min_impurity_decrease=0.0, min_impurity_split=None,
                       min_samples_leaf=1, min_samples_split=2,
                       min_weight_fraction_leaf=0.0, n_estimators=100,
                       n_jobs=-1, oob_score=False, random_state=6554, verbose=0,
                       warm_start=False)
2023-02-15 13:15:22,098:INFO:compare_models() succesfully completed......................................
